Traceback (most recent call last):
  File "/home/maciej/anaconda3/lib/python3.12/site-packages/jupyter_cache/executors/utils.py", line 58, in single_nb_execution
    executenb(
  File "/home/maciej/anaconda3/lib/python3.12/site-packages/nbclient/client.py", line 1305, in execute
    return NotebookClient(nb=nb, resources=resources, km=km, **kwargs).execute()
           ^^^^^^^^^^^^^^^^^^^^^^^^^^^^^^^^^^^^^^^^^^^^^^^^^^^^^^^^^^^^^^^^^^^^^
  File "/home/maciej/anaconda3/lib/python3.12/site-packages/jupyter_core/utils/__init__.py", line 165, in wrapped
    return loop.run_until_complete(inner)
           ^^^^^^^^^^^^^^^^^^^^^^^^^^^^^^
  File "/home/maciej/anaconda3/lib/python3.12/asyncio/base_events.py", line 685, in run_until_complete
    return future.result()
           ^^^^^^^^^^^^^^^
  File "/home/maciej/anaconda3/lib/python3.12/site-packages/nbclient/client.py", line 705, in async_execute
    await self.async_execute_cell(
  File "/home/maciej/anaconda3/lib/python3.12/site-packages/nbclient/client.py", line 1058, in async_execute_cell
    await self._check_raise_for_error(cell, cell_index, exec_reply)
  File "/home/maciej/anaconda3/lib/python3.12/site-packages/nbclient/client.py", line 914, in _check_raise_for_error
    raise CellExecutionError.from_cell_and_msg(cell, exec_reply_content)
nbclient.exceptions.CellExecutionError: An error occurred while executing the following cell:
------------------
# XGBoost

import numpy as np
import matplotlib.pyplot as plt
from sklearn.datasets import make_classification
from sklearn.model_selection import train_test_split, KFold, cross_val_score
from sklearn.metrics import accuracy_score
import xgboost as xgb
import warnings

warnings.filterwarnings('ignore')

# Generowanie danych syntetycznych
X, y = make_classification(n_samples=100, n_features=2, n_informative=2, n_redundant=0, random_state=42)

# Podział danych na zbiór treningowy i testowy
X_train, X_test, y_train, y_test = train_test_split(X, y, test_size=0.2, random_state=42)

# Utworzenie modelu XGBoost
model = xgb.XGBClassifier(use_label_encoder=False, eval_metric='logloss')

# Walidacja krzyżowa KFold
kf = KFold(n_splits=5, shuffle=True, random_state=42)
cv_scores = cross_val_score(model, X_train, y_train, cv=kf, scoring='accuracy')

# Trenowanie modelu na całym zbiorze treningowym
model.fit(X_train, y_train)

# Przewidywanie
y_pred = model.predict(X_test)

# Ocena modelu
accuracy = accuracy_score(y_test, y_pred)
print(f'Dokładność: {accuracy}')
print(f'Wyniki walidacji krzyżowej: {cv_scores}')
print(f'Średnia dokładność walidacji krzyżowej: {np.mean(cv_scores)}')

# Wykres granicy decyzyjnej
x_min, x_max = X[:, 0].min() - 1, X[:, 0].max() + 1
y_min, y_max = X[:, 1].min() - 1, X[:, 1].max() + 1
xx, yy = np.meshgrid(np.arange(x_min, x_max, 0.01), np.arange(y_min, y_max, 0.01))
Z = model.predict(np.c_[xx.ravel(), yy.ravel()])
Z = Z.reshape(xx.shape)
plt.contourf(xx, yy, Z, alpha=0.8)
plt.scatter(X[:, 0], X[:, 1], c=y, edgecolors='k', marker='o')
plt.title('Granica decyzyjna modelu XGBoost')
plt.xlabel('Cecha 1')
plt.ylabel('Cecha 2')
plt.show()

------------------


[0;31m---------------------------------------------------------------------------[0m
[0;31mModuleNotFoundError[0m                       Traceback (most recent call last)
Cell [0;32mIn[6], line 8[0m
[1;32m      6[0m [38;5;28;01mfrom[39;00m [38;5;21;01msklearn[39;00m[38;5;21;01m.[39;00m[38;5;21;01mmodel_selection[39;00m [38;5;28;01mimport[39;00m train_test_split, KFold, cross_val_score
[1;32m      7[0m [38;5;28;01mfrom[39;00m [38;5;21;01msklearn[39;00m[38;5;21;01m.[39;00m[38;5;21;01mmetrics[39;00m [38;5;28;01mimport[39;00m accuracy_score
[0;32m----> 8[0m [38;5;28;01mimport[39;00m [38;5;21;01mxgboost[39;00m [38;5;28;01mas[39;00m [38;5;21;01mxgb[39;00m
[1;32m      9[0m [38;5;28;01mimport[39;00m [38;5;21;01mwarnings[39;00m
[1;32m     11[0m warnings[38;5;241m.[39mfilterwarnings([38;5;124m'[39m[38;5;124mignore[39m[38;5;124m'[39m)

[0;31mModuleNotFoundError[0m: No module named 'xgboost'

